sample.interval=20000
"grep" "stopwatch" 
"FUN" "lapply" "sapply" "stopwatch" 
"lapply" "unlist" "unique" "sapply" "stopwatch" 
"is.factor" "as.factor" "as.data.frame.matrix" "as.data.frame" "data.frame" "compact" "stopwatch" 
"[.data.frame" "[" "compact" "stopwatch" 
"[[.data.frame" "[[" "Ops.data.frame" "!=" "apply" "compact" "stopwatch" 
"nchar" "Ops.factor" "FUN" "eval" "eval" "Ops.data.frame" "!=" "apply" "compact" "stopwatch" 
"nchar" "Ops.factor" "FUN" "eval" "eval" "Ops.data.frame" "!=" "apply" "compact" "stopwatch" 
"data.frame" "structure" "compact" "stopwatch" 
"system" "unlink" "stopwatch" 
"print" 
"eval" "match.arg" "format.default" "format" "format.factor" "format" "format.data.frame" "as.matrix" "print" "print.data.frame" "print" 
"names" "factor" "as.data.frame.vector" "as.data.frame.character" "as.data.frame" "data.frame" "do.call" "format.data.frame" "as.matrix" "print" "print.data.frame" "print" 
"inherits" "is.ordered" "factor" "as.data.frame.vector" "as.data.frame.character" "as.data.frame" "data.frame" "do.call" "format.data.frame" "as.matrix" "print" "print.data.frame" "print" 
"match" "%in%" "deparse" "switch" "mode" "inherits" "is.factor" "match" "%in%" "deparse" "paste" "as.data.frame.vector" "as.data.frame.character" "as.data.frame" "data.frame" "do.call" "format.data.frame" "as.matrix" "print" "print.data.frame" "print" 
"print.matrix" "print" "print.data.frame" "print" 
"source" 
"print.default" "print" "summary.stopwatch" "summary" 
"print.default" "print" "summary.stopwatch" "summary" 
"source" 
"source" 
"print.default" "print" "summary.stopwatch" "summary" 
"data.frame" "FUN" "lapply" "do.call" "melt" "with" "stopwatch.long" "eval" "cast" "print" "summary.stopwatch" "summary" 
"data.frame" "FUN" "lapply" "do.call" "melt" "with" "stopwatch.long" "eval" "cast" "print" "summary.stopwatch" "summary" 
"names.default" "names" "data.frame" "FUN" "lapply" "do.call" "melt" "with" "stopwatch.long" "eval" "cast" "print" "summary.stopwatch" "summary" 
"max" "data.frame" "FUN" "lapply" "do.call" "melt" "with" "stopwatch.long" "eval" "cast" "print" "summary.stopwatch" "summary" 
"==" "[<-.data.frame" "[<-" "FUN" "lapply" "do.call" "melt" "with" "stopwatch.long" "eval" "cast" "print" "summary.stopwatch" "summary" 
"[.data.frame" "[" "data.frame" "FUN" "lapply" "do.call" "melt" "with" "stopwatch.long" "eval" "cast" "print" "summary.stopwatch" "summary" 
"match" "[<-.factor" "[<-" "rbind" "rbind" "do.call" "melt" "with" "stopwatch.long" "eval" "cast" "print" "summary.stopwatch" "summary" 
"make.unique" "rbind" "rbind" "do.call" "melt" "with" "stopwatch.long" "eval" "cast" "print" "summary.stopwatch" "summary" 
"match.fun" "apply" "first_level" "eval" "eval" "cast" "print" "summary.stopwatch" "summary" 
"names" "melt.check" "melt" "with" "stopwatch.long" 
"[.data.frame" "[" "data.frame" "FUN" "lapply" "do.call" "melt" "with" "stopwatch.long" 
"[.data.frame" "[" "data.frame" "FUN" "lapply" "do.call" "melt" "with" "stopwatch.long" 
"as.data.frame.data.frame" "as.data.frame" "data.frame" "FUN" "lapply" "do.call" "melt" "with" "stopwatch.long" 
"[.data.frame" "[" "FUN" "lapply" "do.call" "melt" "with" "stopwatch.long" 
"as.vector" "seq.default" "seq" "rbind" "rbind" "do.call" "melt" "with" "stopwatch.long" 
"rbind" "rbind" "do.call" "melt" "with" "stopwatch.long" 
"[.data.frame" "[" "remove.na" "melt" "with" "stopwatch.long" 
"deparse" "switch" "mode" "inherits" "is.factor" "match" "%in%" "deparse" "paste" "as.data.frame.vector" "as.data.frame.character" "as.data.frame" "data.frame" "do.call" "format.data.frame" "as.matrix" "print" "print.data.frame" "print" 
"print.matrix" "print" "print.data.frame" "print" 
"eval" "cast" 
"names.default" "names" "melt.check" "melt" "with" "stopwatch.long" "eval" "cast" 
"names.default" "names" "melt.check" "melt" "with" "stopwatch.long" "eval" "cast" 
"data.frame" "FUN" "lapply" "do.call" "melt" "with" "stopwatch.long" "eval" "cast" 
"pmatch" ".deparseOpts" "deparse" "eval" "match.arg" "nchar" "data.frame" "FUN" "lapply" "do.call" "melt" "with" "stopwatch.long" "eval" "cast" 
"==" "data.frame" "FUN" "lapply" "do.call" "melt" "with" "stopwatch.long" "eval" "cast" 
"data.frame" "FUN" "lapply" "do.call" "melt" "with" "stopwatch.long" "eval" "cast" 
"seq" "rbind" "rbind" "do.call" "melt" "with" "stopwatch.long" "eval" "cast" 
"[<-.factor" "[<-" "rbind" "rbind" "do.call" "melt" "with" "stopwatch.long" "eval" "cast" 
"%in%" "melt.check" "melt" "with" "stopwatch.long" "eval" "cast" 
"[.data.frame" "[" "data.frame" "FUN" "lapply" "do.call" "melt" "with" "stopwatch.long" "eval" "cast" 
"[.data.frame" "[" "FUN" "lapply" "do.call" "melt" "with" "stopwatch.long" "eval" "cast" 
"names" "rep.default" "rep" "[<-.data.frame" "[<-" "FUN" "lapply" "do.call" "melt" "with" "stopwatch.long" "eval" "cast" 
"as.data.frame.data.frame" "as.data.frame" "data.frame" "FUN" "lapply" "do.call" "melt" "with" "stopwatch.long" "eval" "cast" 
"inherits" "is.factor" "rbind" "rbind" "do.call" "melt" "with" "stopwatch.long" "eval" "cast" 
"names.default" "names" "rbind" "rbind" "do.call" "melt" "with" "stopwatch.long" "eval" "cast" 
"inherits" "is.factor" "match" "%in%" "deparse" "paste" "as.data.frame.integer" "as.data.frame" "data.frame" "eval" "eval" "with.default" "with" "stopwatch.long" "eval" "cast" 
"duplicated" "any" "[.data.frame" "[" "as.data.frame" "nrow" "merge.data.frame" "merge" "condense" "as.list" "lapply" "sapply" "unique" "expand" "reshape1" "cast" 
"[<-.factor" "[<-" "rbind" "rbind" "do.call" "merge.data.frame" "merge" "condense" "as.list" "lapply" "sapply" "unique" "expand" "reshape1" "cast" 
"row.names<-" "merge.data.frame" "merge" "condense" "as.list" "lapply" "sapply" "unique" "expand" "reshape1" "cast" 
"[.data.frame" "[" "unique" "expand.grid.df" "data.frame" "reshape1" "cast" 
"+" "as.vector" "seq.default" "seq" "rbind" "rbind" "do.call" "merge.data.frame" "merge" "merge_recurse" "reshape1" "cast" 
"names" "merge.data.frame" "merge" "merge_recurse" "reshape1" "cast" 
"rbind" "rbind" "merge.data.frame" "merge" "merge_recurse" "reshape1" "cast" 
"as.data.frame" "data.frame" "cbind" "cbind" "merge.data.frame" "merge" "merge_recurse" "reshape1" "cast" 
"paste" "FUN" "apply" "as.vector" "as.data.frame.cast_matrix" "as.data.frame" "reshape1" "cast" 
"[[.data.frame" "[[" "format" "format.data.frame" "format" "as.matrix" "print.cast_df" "print" 
"formals" "match.arg" "format.default" "format" "format.data.frame" "format" "as.matrix" "print.cast_df" "print" 
"inherits" "is.factor" "match" "%in%" "deparse" "eval" "match.arg" "format.default" "format" "format.data.frame" "format" "as.matrix" "print.cast_df" "print" 
"vector" "character" "as.data.frame.vector" "as.data.frame.character" "as.data.frame" "data.frame" "do.call" "format.data.frame" "format" "as.matrix" "print.cast_df" "print" 
"data.frame" "do.call" "format.data.frame" "format" "as.matrix" "print.cast_df" "print" 
"length" "factor" "as.data.frame.vector" "as.data.frame.character" "as.data.frame" "data.frame" "do.call" "format.data.frame" "format" "as.matrix" "print.cast_df" "print" 
"match" "%in%" "deparse" "paste" "as.data.frame.vector" "as.data.frame.character" "as.data.frame" "data.frame" "do.call" "format.data.frame" "format" "as.matrix" "print.cast_df" "print" 
"as.data.frame" "data.frame" "do.call" "format.data.frame" "format" "as.matrix" "print.cast_df" "print" 
"any" ".deparseOpts" "deparse" "eval" "match.arg" "nchar" "data.frame" "do.call" "format.data.frame" "format" "as.matrix" "print.cast_df" "print" 
"as.matrix.data.frame" "as.matrix" "print.cast_df" "print" 
"melt" "with" "stopwatch.long" "eval" "cast" 
"melt" "with" "stopwatch.long" "eval" "cast" 
"pmatch" ".deparseOpts" "deparse" "eval" "match.arg" "nchar" "data.frame" "FUN" "lapply" "do.call" "melt" "with" "stopwatch.long" "eval" "cast" 
"names" "[.data.frame" "[" "data.frame" "FUN" "lapply" "do.call" "melt" "with" "stopwatch.long" "eval" "cast" 
"duplicated" "any" "data.frame" "FUN" "lapply" "do.call" "melt" "with" "stopwatch.long" "eval" "cast" 
"is.array" "is.array" "NROW" "$<-.data.frame" "$<-" "FUN" "lapply" "do.call" "melt" "with" "stopwatch.long" "eval" "cast" 
"==" "seq.default" "seq" "rbind" "rbind" "do.call" "melt" "with" "stopwatch.long" "eval" "cast" 
"match" "factor" "rbind" "rbind" "do.call" "melt" "with" "stopwatch.long" "eval" "cast" 
"NextMethod" "[.factor" "[" "[.data.frame" "[" "cast" 
"condense" "as.list" "lapply" "sapply" "unique" "expand" "reshape1" "cast" 
"match" "as.data.frame.data.frame" "as.data.frame" "data.frame" "cbind" "cbind" "merge.data.frame" "merge" "condense" "as.list" "lapply" "sapply" "unique" "expand" "reshape1" "cast" 
"[.data.frame" "[" "unique" "reshape1" "cast" 
"as.integer" "substr" "data.frame" "expand.grid.df" "data.frame" "reshape1" "cast" 
"merge.data.frame" "merge" "merge_recurse" "reshape1" "cast" 
"[<-.factor" "[<-" "rbind" "rbind" "merge.data.frame" "merge" "merge_recurse" "reshape1" "cast" 
"names<-.default" "names<-" "[.data.frame" "[" "reshape1" "cast" 
"data.frame" "do.call" "format.data.frame" "format" "as.matrix" "print.cast_df" "print" 
"switch" "mode" "inherits" "is.factor" "match" "%in%" "deparse" "paste" "as.data.frame.vector" "as.data.frame.character" "as.data.frame" "data.frame" "do.call" "format.data.frame" "format" "as.matrix" "print.cast_df" "print" 
"is.factor" "match" "%in%" "deparse" "switch" "mode" "inherits" "is.factor" "match" "%in%" "deparse" "paste" "as.data.frame.vector" "as.data.frame.character" "as.data.frame" "data.frame" "do.call" "format.data.frame" "format" "as.matrix" "print.cast_df" "print" 
"match" "%in%" "melt.check" "melt" "with" "stopwatch.long" "eval" "cast" 
"<" "[<-.data.frame" "[<-" "FUN" "lapply" "do.call" "melt" "with" "stopwatch.long" "eval" "cast" 
"names" "[.data.frame" "[" "FUN" "lapply" "do.call" "melt" "with" "stopwatch.long" "eval" "cast" 
"is.list" "eval" "match.arg" "nchar" "data.frame" "FUN" "lapply" "do.call" "melt" "with" "stopwatch.long" "eval" "cast" 
"eval" "eval" "match.arg" "nchar" "data.frame" "FUN" "lapply" "do.call" "melt" "with" "stopwatch.long" "eval" "cast" 
"[<-.data.frame" "[<-" "FUN" "lapply" "do.call" "melt" "with" "stopwatch.long" "eval" "cast" 
"is.null" "seq.default" "seq" "rbind" "rbind" "do.call" "melt" "with" "stopwatch.long" "eval" "cast" 
"seq" "[.data.frame" "[" "cast" 
"|" "any" "[.data.frame" "[" "merge.data.frame" "merge" "condense" "as.list" "lapply" "sapply" "unique" "expand" "reshape1" "cast" 
"merge.data.frame" "merge" "condense" "as.list" "lapply" "sapply" "unique" "expand" "reshape1" "cast" 
"inherits" "is.factor" "match" "%in%" "reshape1" "cast" 
"duplicated.default" "duplicated" "any" "row.names<-.data.frame" "row.names<-" "dimnames<-.data.frame" "dimnames<-" "colnames<-" "expand.grid.df" "data.frame" "reshape1" "cast" 
"formals" "match.arg" "nchar" "Make.row.names" "rbind" "rbind" "do.call" "merge.data.frame" "merge" "merge_recurse" "reshape1" "cast" 
"paste" "do.call" "merge.data.frame" "merge" "merge_recurse" "reshape1" "cast" 
"+" "as.vector" "seq.default" "seq" "rbind" "rbind" "merge.data.frame" "merge" "merge_recurse" "reshape1" "cast" 
"duplicated.default" "duplicated" "any" "data.frame" "cbind" "cbind" "merge.data.frame" "merge" "merge_recurse" "reshape1" "cast" 
"[.data.frame" "[" "reshape1" "cast" 
"deparse" "eval" "match.arg" "nchar" "data.frame" "do.call" "format.data.frame" "format" "as.matrix" "print.cast_df" "print" 
"as.data.frame.vector" "as.data.frame.character" "as.data.frame" "data.frame" "do.call" "format.data.frame" "format" "as.matrix" "print.cast_df" "print" 
"seq.default" "seq" "paste" "as.data.frame.vector" "as.data.frame.character" "as.data.frame" "data.frame" "do.call" "format.data.frame" "format" "as.matrix" "print.cast_df" "print" 
"print.matrix" "print" "print.cast_df" "print" 
"melt.check" "melt" "with" "stopwatch.long" "eval" "cast" 
"names" "rep.default" "rep" "[<-.data.frame" "[<-" "FUN" "lapply" "do.call" "melt" "with" "stopwatch.long" "eval" "cast" 
"any" "[.data.frame" "[" "data.frame" "FUN" "lapply" "do.call" "melt" "with" "stopwatch.long" "eval" "cast" 
"[<-.data.frame" "[<-" "FUN" "lapply" "do.call" "melt" "with" "stopwatch.long" "eval" "cast" 
"any" ".deparseOpts" "deparse" "eval" "match.arg" "nchar" "data.frame" "FUN" "lapply" "do.call" "melt" "with" "stopwatch.long" "eval" "cast" 
"deparse" "eval" "match.arg" "nchar" "Make.row.names" "rbind" "rbind" "do.call" "melt" "with" "stopwatch.long" "eval" "cast" 
"rbind" "rbind" "do.call" "melt" "with" "stopwatch.long" "eval" "cast" 
"pmatch" ".deparseOpts" "deparse" "switch" "mode" "inherits" "is.factor" "match" "%in%" "deparse" "paste" "as.data.frame.factor" "as.data.frame" "data.frame" "eval" "eval" "with.default" "with" "stopwatch.long" "eval" "cast" 
"paste" "do.call" "duplicated" "duplicated.data.frame" "duplicated" "[.data.frame" "[" "unique.data.frame" "unique" "nrow" "reshape1" "cast" 
"vector" "rbind" "rbind" "do.call" "merge.data.frame" "merge" "condense" "as.list" "lapply" "sapply" "unique" "expand" "reshape1" "cast" 
"make.unique" "[.data.frame" "[" "merge.data.frame" "merge" "condense" "as.list" "lapply" "sapply" "unique" "expand" "reshape1" "cast" 
"inherits" "unique.default" "unique" "expand" "reshape1" "cast" 
"row.names<-.data.frame" "row.names<-" "merge.data.frame" "merge" "condense" "as.list" "lapply" "sapply" "unique" "expand" "FUN" "lapply" "do.call" "reshape1" "cast" 
"split.default" "split" "lapply" "condense" "as.list" "lapply" "sapply" "unique" "expand" "FUN" "lapply" "do.call" "reshape1" "cast" 
"[.data.frame" "[" "do.call" "[.data.frame" "[" "reshape1" "cast" 
"data.frame" "cbind.data.frame" "do.call" "expand.grid" "expand.grid.df" "data.frame" "reshape1" "cast" 
"duplicated.default" "duplicated" "any" "data.frame" "expand.grid.df" "data.frame" "reshape1" "cast" 
"names" "duplicated" "any" "[.data.frame" "[" "merge.data.frame" "merge" "merge_recurse" "reshape1" "cast" 
"paste" "do.call" "merge.data.frame" "merge" "merge_recurse" "reshape1" "cast" 
"+" "rbind" "rbind" "merge.data.frame" "merge" "merge_recurse" "reshape1" "cast" 
"duplicated.default" "duplicated" "any" "data.row.names" "data.frame" "cbind" "cbind" "merge.data.frame" "merge" "merge_recurse" "reshape1" "cast" 
"[.data.frame" "[" "reshape1" "cast" 
"[.data.frame" "[" "reshape1" "cast" 
"names" "apply" "as.vector" "as.data.frame.cast_matrix" "as.data.frame" "reshape1" "cast" 
"pmatch" ".deparseOpts" "deparse" "eval" "match.arg" "format.default" "format" "format.data.frame" "format" "as.matrix" "print.cast_df" "print" 
"==" "pmatch" ".deparseOpts" "deparse" "switch" "mode" "inherits" "is.factor" "match" "%in%" "deparse" "paste" "as.data.frame.vector" "as.data.frame.character" "as.data.frame" "data.frame" "do.call" "format.data.frame" "format" "as.matrix" "print.cast_df" "print" 
"is.character" "as.matrix.data.frame" "as.matrix" "print.cast_df" "print" 
"melt" "with" "stopwatch.long" "eval" "cast" 
"[<-.data.frame" "[<-" "FUN" "lapply" "do.call" "melt" "with" "stopwatch.long" "eval" "cast" 
"pmatch" ".deparseOpts" "deparse" "eval" "match.arg" "nchar" "data.frame" "FUN" "lapply" "do.call" "melt" "with" "stopwatch.long" "eval" "cast" 
"[" "data.frame" "FUN" "lapply" "do.call" "melt" "with" "stopwatch.long" "eval" "cast" 
"match" "[<-.data.frame" "[<-" "FUN" "lapply" "do.call" "melt" "with" "stopwatch.long" "eval" "cast" 
"names" "all" "match.names" "rbind" "rbind" "do.call" "melt" "with" "stopwatch.long" "eval" "cast" 
"[<-.factor" "[<-" "rbind" "rbind" "do.call" "melt" "with" "stopwatch.long" "eval" "cast" 
"names<-" "data.frame" "eval" "eval" "with.default" "with" "stopwatch.long" "eval" "cast" 
">" "%in%" "data.frame" "cbind" "cbind" "merge.data.frame" "merge" "condense" "as.list" "lapply" "sapply" "unique" "expand" "reshape1" "cast" 
"duplicated.default" "duplicated" "any" "data.frame" "cbind" "cbind" "merge.data.frame" "merge" "condense" "as.list" "lapply" "sapply" "unique" "expand" "FUN" "lapply" "do.call" "reshape1" "cast" 
"duplicated" "any" "row.names<-.data.frame" "row.names<-" "merge.data.frame" "merge" "condense" "as.list" "lapply" "sapply" "unique" "expand" "FUN" "lapply" "do.call" "reshape1" "cast" 
"as.list.default" "as.list" "lapply" "sapply" "rbind" "rbind" "do.call" "rbind.fill" "reshape1" "cast" 
"any" ".deparseOpts" "deparse" "paste" "as.data.frame.integer" "as.data.frame" "data.frame" "cbind.data.frame" "do.call" "expand.grid" "expand.grid.df" "data.frame" "reshape1" "cast" 
"pmatch" ".deparseOpts" "deparse" "eval" "match.arg" "nchar" "any" "as.data.frame.matrix" "as.data.frame" "data.frame" "cbind" "cbind" "rbind" "merge.data.frame" "merge" "merge_recurse" "reshape1" "cast" 
"[.data.frame" "[" "reshape1" "cast" 
"data.frame" "do.call" "format.data.frame" "format" "as.matrix" "print.cast_df" "print" 
"melt.check" "melt" "with" "stopwatch.long" "eval" "cast" "str" 
"match.arg" "nchar" "data.frame" "FUN" "lapply" "do.call" "melt" "with" "stopwatch.long" "eval" "cast" "str" 
"[.data.frame" "[" "FUN" "lapply" "do.call" "melt" "with" "stopwatch.long" "eval" "cast" "str" 
"rep.default" "rep" "[<-.data.frame" "[<-" "FUN" "lapply" "do.call" "melt" "with" "stopwatch.long" "eval" "cast" "str" 
"all" "match.names" "rbind" "rbind" "do.call" "melt" "with" "stopwatch.long" "eval" "cast" "str" 
"pmatch" ".deparseOpts" "deparse" "eval" "match.arg" "nchar" "data.frame" "eval" "eval" "with.default" "with" "stopwatch.long" "eval" "cast" "str" 
"merge.data.frame" "merge" "condense" "as.list" "lapply" "sapply" "unique" "expand" "reshape1" "cast" "str" 
"data.frame" "cbind" "cbind" "merge.data.frame" "merge" "condense" "as.list" "lapply" "sapply" "unique" "expand" "reshape1" "cast" "str" 
"max" "data.frame" "cbind" "cbind" "merge.data.frame" "merge" "condense" "as.list" "lapply" "sapply" "unique" "expand" "FUN" "lapply" "do.call" "reshape1" "cast" "str" 
"names" "lapply" "condense" "as.list" "lapply" "sapply" "unique" "expand" "FUN" "lapply" "do.call" "reshape1" "cast" "str" 
"names" "lapply" "sapply" "rbind" "rbind" "do.call" "rbind.fill" "reshape1" "cast" "str" 
"make.names" "data.frame" "expand.grid.df" "data.frame" "reshape1" "cast" "str" 
"pmatch" ".deparseOpts" "deparse" "eval" "match.arg" "nchar" "data.frame" "cbind" "cbind" "rbind" "merge.data.frame" "merge" "merge_recurse" "reshape1" "cast" "str" 
"match" "%in%" "deparse" "eval" "match.arg" "nchar" "any" "as.data.frame.matrix" "as.data.frame" "data.frame" "as.data.frame.cast_matrix" "as.data.frame" "reshape1" "cast" "str" 
"str.default" "str" "str.default" "NextMethod" "str.data.frame" "str" 
"source" 
"source" 
"names" "melt.check" "melt" "with" "stopwatch.long" "eval" "cast" "str" 
"names" "melt.check" "melt" "with" "stopwatch.long" "eval" "cast" "str" 
"==" "data.frame" "FUN" "lapply" "do.call" "melt" "with" "stopwatch.long" "eval" "cast" "str" 
"!" "rep.default" "rep" "[<-.data.frame" "[<-" "FUN" "lapply" "do.call" "melt" "with" "stopwatch.long" "eval" "cast" "str" 
"[.data.frame" "[" "FUN" "lapply" "do.call" "melt" "with" "stopwatch.long" "eval" "cast" "str" 
"[.data.frame" "[" "data.frame" "FUN" "lapply" "do.call" "melt" "with" "stopwatch.long" "eval" "cast" "str" 
"Make.row.names" "rbind" "rbind" "do.call" "melt" "with" "stopwatch.long" "eval" "cast" "str" 
"inherits" "is.factor" "[<-.factor" "[<-" "rbind" "rbind" "do.call" "melt" "with" "stopwatch.long" "eval" "cast" "str" 
"names" "data.frame" "eval" "eval" "with.default" "with" "stopwatch.long" "eval" "cast" "str" 
"length" "dim.data.frame" "dim" "nrow" "merge.data.frame" "merge" "condense" "as.list" "lapply" "sapply" "unique" "expand" "reshape1" "cast" "str" 
"row.names<-.data.frame" "row.names<-" "merge.data.frame" "merge" "condense" "as.list" "lapply" "sapply" "unique" "expand" "reshape1" "cast" "str" 
"duplicated" "any" "[.data.frame" "[" "unique" "condense" "as.list" "lapply" "sapply" "unique" "expand" "FUN" "lapply" "do.call" "reshape1" "cast" "str" 
"names<-" "data.frame" "condense" "as.list" "lapply" "sapply" "unique" "expand" "FUN" "lapply" "do.call" "reshape1" "cast" "str" 
"[.data.frame" "[" "reshape1" "cast" "str" 
"match.arg" "nchar" "data.frame" "expand.grid.df" "data.frame" "reshape1" "cast" "str" 
"any" ".deparseOpts" "deparse" "eval" "match.arg" "nchar" "data.frame" "as.data.frame.cast_matrix" "as.data.frame" "reshape1" "cast" "str" 
"list" "cat" "str.default" "str" "str.default" "NextMethod" "str.data.frame" "str" 
"names<-.default" "names<-" "sapply" "any" "str.default" "NextMethod" "str.data.frame" "str" "str.default" "NextMethod" "str.data.frame" "str" 
"pmatch" "capabilities" "source" 
"match" "%in%" "melt.check" "melt" "with" "stopwatch.long" "eval" "cast" "str" 
"names<-" "[<-.data.frame" "[<-" "FUN" "lapply" "do.call" "melt" "with" "stopwatch.long" "eval" "cast" "str" 
"[.data.frame" "[" "FUN" "lapply" "do.call" "melt" "with" "stopwatch.long" "eval" "cast" "str" 
"any" "data.frame" "FUN" "lapply" "do.call" "melt" "with" "stopwatch.long" "eval" "cast" "str" 
"as.data.frame.data.frame" "as.data.frame" "data.frame" "FUN" "lapply" "do.call" "melt" "with" "stopwatch.long" "eval" "cast" "str" 
".deparseOpts" "deparse" "eval" "match.arg" "nchar" "Make.row.names" "rbind" "rbind" "do.call" "melt" "with" "stopwatch.long" "eval" "cast" "str" 
"mode" "inherits" "is.factor" "match" "%in%" "deparse" "eval" "match.arg" "nchar" "Make.row.names" "rbind" "rbind" "do.call" "melt" "with" "stopwatch.long" "eval" "cast" "str" 
"rbind" "rbind" "do.call" "melt" "with" "stopwatch.long" "eval" "cast" "str" 
"seq.default" "seq" "[.data.frame" "[" "cast" "str" 
"array" "condense" "as.list" "lapply" "sapply" "unique" "expand" "reshape1" "cast" "str" 
"all" "match.arg" "nchar" "data.frame" "cbind" "cbind" "merge.data.frame" "merge" "condense" "as.list" "lapply" "sapply" "unique" "expand" "FUN" "lapply" "do.call" "reshape1" "cast" "str" 
"rbind" "rbind" "do.call" "rbind.fill" "do.call" "reshape1" "cast" "str" 
"match" "%in%" "deparse" "eval" "match.arg" "nchar" "data.frame" "expand.grid.df" "data.frame" "reshape1" "cast" "str" 
"names" "merge.data.frame" "merge" "merge_recurse" "reshape1" "cast" "str" 
"reshape1" "cast" "str" 
"reshape1" "cast" "str" 
"reshape1" "cast" "str" 
"reshape1" "cast" "str" 
"reshape1" "cast" "str" 
"print.data.frame" "print" "reshape1" "cast" "str" 
"print.data.frame" "print" "reshape1" "cast" "str" 
"print.matrix" "print" "print.data.frame" "print" "reshape1" "cast" "str" 
"reshape1" "cast" "str" 
"reshape1" "cast" "str" 
"reshape1" "cast" "str" 
"reshape1" "cast" "str" 
"reshape1" "cast" "str" 
"matrix" "reshape1" "cast" "str" 
"is.vector" "str.default" "str" "str.default" "NextMethod" "str.data.frame" "str" 
"is.null" "str.default" "NextMethod" "str.data.frame" "str" "str.default" "NextMethod" "str.data.frame" "str" 
"melt.check" "melt" "with" "stopwatch.long" "eval" "cast" "str" 
"unlist" "data.frame" "FUN" "lapply" "do.call" "melt" "with" "stopwatch.long" "eval" "cast" "str" 
"is.atomic" "is.atomic" "$<-.data.frame" "$<-" "FUN" "lapply" "do.call" "melt" "with" "stopwatch.long" "eval" "cast" "str" 
"rep.default" "rep" "[<-.data.frame" "[<-" "FUN" "lapply" "do.call" "melt" "with" "stopwatch.long" "eval" "cast" "str" 
"names" "duplicated" "any" "[.data.frame" "[" "data.frame" "FUN" "lapply" "do.call" "melt" "with" "stopwatch.long" "eval" "cast" "str" 
"is.na" "any" "data.frame" "FUN" "lapply" "do.call" "melt" "with" "stopwatch.long" "eval" "cast" "str" 
"names<-" "factor" "rbind" "rbind" "do.call" "melt" "with" "stopwatch.long" "eval" "cast" "str" 
"[.data.frame" "[" "remove.na" "melt" "with" "stopwatch.long" "eval" "cast" "str" 
"[<-.factor" "[<-" "rbind" "rbind" "do.call" "merge.data.frame" "merge" "condense" "as.list" "lapply" "sapply" "unique" "expand" "reshape1" "cast" "str" 
"names.default" "names" "[.data.frame" "[" "merge.data.frame" "merge" "condense" "as.list" "lapply" "sapply" "unique" "expand" "FUN" "lapply" "do.call" "reshape1" "cast" "str" 
"merge.data.frame" "merge" "condense" "as.list" "lapply" "sapply" "unique" "expand" "FUN" "lapply" "do.call" "reshape1" "cast" "str" 
"FUN" "lapply" "unlist" "unique" "rbind.fill" "do.call" "reshape1" "cast" "str" 
"[.data.frame" "[" "[.data.frame" "[" "data.frame" "expand.grid.df" "data.frame" "reshape1" "cast" "str" 
"NextMethod" "[.factor" "[" "[.data.frame" "[" "merge.data.frame" "merge" "merge_recurse" "reshape1" "cast" "str" 
"row.names<-" "merge.data.frame" "merge" "merge_recurse" "reshape1" "cast" "str" 
"reshape1" "cast" "str" 
"dim.data.frame" "dim" "nrow" "matrix" "reshape1" "cast" "str" 
"names" "data.frame" "as.data.frame.cast_matrix" "as.data.frame" "reshape1" "cast" "str" 
"options" "str.default" "str" "str.default" "NextMethod" "str.data.frame" "str" 
"melt.check" "melt" "with" "stopwatch.long" "eval" "cast" "str" 
"mode" "inherits" "is.factor" "match" "%in%" "deparse" "eval" "match.arg" "nchar" "data.frame" "FUN" "lapply" "do.call" "melt" "with" "stopwatch.long" "eval" "cast" "str" 
"[<-.data.frame" "[<-" "FUN" "lapply" "do.call" "melt" "with" "stopwatch.long" "eval" "cast" "str" 
"[.data.frame" "[" "data.frame" "FUN" "lapply" "do.call" "melt" "with" "stopwatch.long" "eval" "cast" "str" 
"attr" "levels" "rbind" "rbind" "do.call" "melt" "with" "stopwatch.long" "eval" "cast" "str" 
"as.vector" "as.vector.factor" "as.vector" "as.vector" "rbind" "rbind" "do.call" "melt" "with" "stopwatch.long" "eval" "cast" "str" 
"as.numeric" "data.frame" "eval" "eval" "with.default" "with" "stopwatch.long" "eval" "cast" "str" 
"names" "[.data.frame" "[" "unique.data.frame" "unique" "condense" "as.list" "lapply" "sapply" "unique" "expand" "reshape1" "cast" "str" 
"pmatch" ".deparseOpts" "deparse" "eval" "match.arg" "nchar" "data.frame" "cbind" "cbind" "merge.data.frame" "merge" "condense" "as.list" "lapply" "sapply" "unique" "expand" "reshape1" "cast" "str" 
"any" ".deparseOpts" "deparse" "eval" "match.arg" "nchar" "data.frame" "cbind" "cbind" "merge.data.frame" "merge" "condense" "as.list" "lapply" "sapply" "unique" "expand" "FUN" "lapply" "do.call" "reshape1" "cast" "str" 
"unlist" "data.frame" "cbind" "cbind" "merge.data.frame" "merge" "condense" "as.list" "lapply" "sapply" "unique" "expand" "FUN" "lapply" "do.call" "reshape1" "cast" "str" 
"vector" "logical" "rbind" "rbind" "do.call" "rbind.fill" "do.call" "reshape1" "cast" "str" 
"names<-" "[.data.frame" "[" "unique.data.frame" "unique" "reshape1" "cast" "str" 
"vector" "integer" "data.frame" "reshape1" "cast" "str" 
"rbind" "rbind" "merge.data.frame" "merge" "merge_recurse" "reshape1" "cast" "str" 
"reshape1" "cast" "str" 
"reshape1" "cast" "str" 
"reshape1" "cast" "str" 
"reshape1" "cast" "str" 
"reshape1" "cast" "str" 
"reshape1" "cast" "str" 
"reshape1" "cast" "str" 
"matrix" "reshape1" "cast" "str" 
"reshape1" "cast" "str" 
"reshape1" "cast" "str" 
"reshape1" "cast" "str" 
"reshape1" "cast" "str" 
"reshape1" "cast" "str" 
"reshape1" "cast" "str" 
"reshape1" "cast" "str" 
"reshape1" "cast" "str" 
"reshape1" "cast" "str" 
"reshape1" "cast" "str" 
"reshape1" "cast" "str" 
"reshape1" "cast" "str" 
"reshape1" "cast" "str" 
"reshape1" "cast" "str" 
"reshape1" "cast" "str" 
"reshape1" "cast" "str" 
"reshape1" "cast" "str" 
"reshape1" "cast" "str" 
"reshape1" "cast" "str" 
"reshape1" "cast" "str" 
"reshape1" "cast" "str" 
"reshape1" "cast" "str" 
"seq.default" "seq" "paste" "paste" "P0" "str.default" "str" "reshape1" "cast" "str" 
"formals" "match.arg" "nchar" "str.default" "str" "str.default" "NextMethod" "str.data.frame" "str" "str.default" "str" "reshape1" "cast" "str" 
"reshape1" "cast" "str" 
"reshape1" "cast" "str" 
"reshape1" "cast" "str" 
"reshape1" "cast" "str" 
"reshape1" "cast" "str" 
"reshape1" "cast" "str" 
"reshape1" "cast" "str" 
"pmatch" ".deparseOpts" "deparse" "eval" "match.arg" "nchar" "max" "str.default" "NextMethod" "str.data.frame" "str" 
"str.default" "str" "str.default" "NextMethod" "str.data.frame" "str" 
"source" 
"source" 
"pmatch" "capabilities" "source" 
"pmatch" "capabilities" "source" 
"source" 
"with" "stopwatch.long" "eval" "cast" "str" 
"with" "stopwatch.long" "eval" "cast" "str" 
"[.data.frame" "[" "FUN" "lapply" "do.call" "melt" "with" "stopwatch.long" "eval" "cast" "str" 
"as.list.default" "as.list" "data.frame" "FUN" "lapply" "do.call" "melt" "with" "stopwatch.long" "eval" "cast" "str" 
"[<-" "FUN" "lapply" "do.call" "melt" "with" "stopwatch.long" "eval" "cast" "str" 
"eval" "match.arg" "nchar" "data.frame" "FUN" "lapply" "do.call" "melt" "with" "stopwatch.long" "eval" "cast" "str" 
"as.vector" "seq.default" "seq" "rbind" "rbind" "do.call" "melt" "with" "stopwatch.long" "eval" "cast" "str" 
"[<-.factor" "[<-" "rbind" "rbind" "do.call" "melt" "with" "stopwatch.long" "eval" "cast" "str" 
"[.data.frame" "[" "cast" "str" 
"seq.default" "seq" "paste" "merge.data.frame" "merge" "condense" "as.list" "lapply" "sapply" "unique" "expand" "reshape1" "cast" "str" 
"lapply" "condense" "as.list" "lapply" "sapply" "unique" "expand" "reshape1" "cast" "str" 
".deparseOpts" "deparse" "data.frame" "cbind" "cbind" "merge.data.frame" "merge" "condense" "as.list" "lapply" "sapply" "unique" "expand" "FUN" "lapply" "do.call" "reshape1" "cast" "str" 
"lapply" "sapply" "rbind" "rbind" "do.call" "rbind.fill" "do.call" "reshape1" "cast" "str" 
"as.list" "data.frame" "reshape1" "cast" "str" 
"==" "as.data.frame.numeric" "as.data.frame" "data.frame" "expand.grid.df" "data.frame" "reshape1" "cast" "str" 
"merge.data.frame" "merge" "merge_recurse" "reshape1" "cast" "str" 
"is.null" "is.null" "as.data.frame" "data.frame" "as.data.frame.cast_matrix" "as.data.frame" "reshape1" "cast" "str" 
"as.data.frame.cast_matrix" "as.data.frame" "reshape1" "cast" "str" 
"as.data.frame.cast_matrix" "as.data.frame" "reshape1" "cast" "str" 
"as.data.frame.cast_matrix" "as.data.frame" "reshape1" "cast" "str" 
"as.data.frame.cast_matrix" "as.data.frame" "reshape1" "cast" "str" 
"as.data.frame.cast_matrix" "as.data.frame" "reshape1" "cast" "str" 
"as.data.frame.cast_matrix" "as.data.frame" "reshape1" "cast" "str" 
"as.data.frame.cast_matrix" "as.data.frame" "reshape1" "cast" "str" 
"as.data.frame.cast_matrix" "as.data.frame" "reshape1" "cast" "str" 
"cat" "print.cast_matrix" "print" "as.data.frame.cast_matrix" "as.data.frame" "reshape1" "cast" "str" 
"as.data.frame.cast_matrix" "as.data.frame" "reshape1" "cast" "str" 
"as.data.frame.cast_matrix" "as.data.frame" "reshape1" "cast" "str" 
"as.data.frame.cast_matrix" "as.data.frame" "reshape1" "cast" "str" 
"as.data.frame.cast_matrix" "as.data.frame" "reshape1" "cast" "str" 
"as.data.frame.cast_matrix" "as.data.frame" "reshape1" "cast" "str" 
"apply" "as.vector" "as.data.frame.cast_matrix" "as.data.frame" "reshape1" "cast" "str" 
"apply" "as.vector" "as.data.frame.cast_matrix" "as.data.frame" "reshape1" "cast" "str" 
"as.data.frame.cast_matrix" "as.data.frame" "reshape1" "cast" "str" 
"as.data.frame.cast_matrix" "as.data.frame" "reshape1" "cast" "str" 
"as.data.frame.cast_matrix" "as.data.frame" "reshape1" "cast" "str" 
"format.data.frame" "as.matrix" "print" "print.data.frame" "print" "as.data.frame.cast_matrix" "as.data.frame" "reshape1" "cast" "str" 
"format.data.frame" "as.matrix" "print" "print.data.frame" "print" "as.data.frame.cast_matrix" "as.data.frame" "reshape1" "cast" "str" 
"as.data.frame.cast_matrix" "as.data.frame" "reshape1" "cast" "str" 
"as.data.frame.cast_matrix" "as.data.frame" "reshape1" "cast" "str" 
"as.data.frame.cast_matrix" "as.data.frame" "reshape1" "cast" "str" 
"as.data.frame.cast_matrix" "as.data.frame" "reshape1" "cast" "str" 
"as.data.frame.cast_matrix" "as.data.frame" "reshape1" "cast" "str" 
"as.data.frame.cast_matrix" "as.data.frame" "reshape1" "cast" "str" 
"as.data.frame.cast_matrix" "as.data.frame" "reshape1" "cast" "str" 
"as.data.frame.cast_matrix" "as.data.frame" "reshape1" "cast" "str" 
"as.data.frame.cast_matrix" "as.data.frame" "reshape1" "cast" "str" 
"as.data.frame.cast_matrix" "as.data.frame" "reshape1" "cast" "str" 
"as.data.frame.cast_matrix" "as.data.frame" "reshape1" "cast" "str" 
"as.data.frame.cast_matrix" "as.data.frame" "reshape1" "cast" "str" 
"as.data.frame.cast_matrix" "as.data.frame" "reshape1" "cast" "str" 
"as.data.frame.cast_matrix" "as.data.frame" "reshape1" "cast" "str" 
"as.data.frame.cast_matrix" "as.data.frame" "reshape1" "cast" "str" 
"as.data.frame.cast_matrix" "as.data.frame" "reshape1" "cast" "str" 
"as.data.frame.cast_matrix" "as.data.frame" "reshape1" "cast" "str" 
"as.data.frame.cast_matrix" "as.data.frame" "reshape1" "cast" "str" 
"as.data.frame.cast_matrix" "as.data.frame" "reshape1" "cast" "str" 
"as.data.frame.cast_matrix" "as.data.frame" "reshape1" "cast" "str" 
"as.data.frame.cast_matrix" "as.data.frame" "reshape1" "cast" "str" 
"as.data.frame.cast_matrix" "as.data.frame" "reshape1" "cast" "str" 
"as.data.frame.cast_matrix" "as.data.frame" "reshape1" "cast" "str" 
"as.data.frame.cast_matrix" "as.data.frame" "reshape1" "cast" "str" 
"as.data.frame.cast_matrix" "as.data.frame" "reshape1" "cast" "str" 
"as.data.frame.cast_matrix" "as.data.frame" "reshape1" "cast" "str" 
"as.data.frame.cast_matrix" "as.data.frame" "reshape1" "cast" "str" 
"as.data.frame.cast_matrix" "as.data.frame" "reshape1" "cast" "str" 
"as.data.frame.cast_matrix" "as.data.frame" "reshape1" "cast" "str" 
"as.data.frame.cast_matrix" "as.data.frame" "reshape1" "cast" "str" 
"as.data.frame.cast_matrix" "as.data.frame" "reshape1" "cast" "str" 
"as.data.frame.cast_matrix" "as.data.frame" "reshape1" "cast" "str" 
"as.data.frame.cast_matrix" "as.data.frame" "reshape1" "cast" "str" 
"as.data.frame.cast_matrix" "as.data.frame" "reshape1" "cast" "str" 
"as.data.frame.cast_matrix" "as.data.frame" "reshape1" "cast" "str" 
"as.data.frame.cast_matrix" "as.data.frame" "reshape1" "cast" "str" 
"as.data.frame.cast_matrix" "as.data.frame" "reshape1" "cast" "str" 
"as.data.frame.cast_matrix" "as.data.frame" "reshape1" "cast" "str" 
"names" "as.data.frame.cast_matrix" "as.data.frame" "reshape1" "cast" "str" 
"paste" "formObj" "cat" "str.default" "str" "str.default" "NextMethod" "str.data.frame" "str" 
"cat" "str.default" "str" "str.default" "NextMethod" "str.data.frame" "str" "str.default" "NextMethod" "str.data.frame" "str" 
"names.default" "names" "capabilities" "source" 
"source" 
"source" 
"str" 
"[" "data.frame" "FUN" "lapply" "do.call" "melt" "with" "stopwatch.long" "eval" "cast" "str" 
"[<-.data.frame" "[<-" "FUN" "lapply" "do.call" "melt" "with" "stopwatch.long" "eval" "cast" "str" 
"names.default" "names" "data.frame" "FUN" "lapply" "do.call" "melt" "with" "stopwatch.long" "eval" "cast" "str" 
"names<-" "$<-.data.frame" "$<-" "FUN" "lapply" "do.call" "melt" "with" "stopwatch.long" "eval" "cast" "str" 
"Make.row.names" "rbind" "rbind" "do.call" "melt" "with" "stopwatch.long" "eval" "cast" "str" 
"rbind" "rbind" "do.call" "melt" "with" "stopwatch.long" "eval" "cast" "str" 
"match" "%in%" "data.frame" "eval" "eval" "with.default" "with" "stopwatch.long" "eval" "cast" "str" 
"row.names<-.data.frame" "row.names<-" "merge.data.frame" "merge" "condense" "as.list" "lapply" "sapply" "unique" "expand" "reshape1" "cast" "str" 
"match" "factor" "split.default" "split" "lapply" "condense" "as.list" "lapply" "sapply" "unique" "expand" "reshape1" "cast" "str" 
"names" "factor" "split.default" "split" "[<-.data.frame" "[<-" "FUN" "lapply" "do.call" "rbind.fill" "do.call" "reshape1" "cast" "str" 
"[.data.frame" "[" "unique.data.frame" "unique" "reshape1" "cast" "str" 
"deparse" "switch" "mode" "inherits" "is.factor" "match" "%in%" "deparse" "paste" "as.data.frame.numeric" "as.data.frame" "data.frame" "expand.grid.df" "data.frame" "reshape1" "cast" "str" 
"match" "%in%" "deparse" "eval" "match.arg" "nchar" "any" "as.data.frame.matrix" "as.data.frame" "data.frame" "cbind" "cbind" "rbind" "merge.data.frame" "merge" "merge_recurse" "reshape1" "cast" "str" 
"reshape1" "cast" "str" 
"reshape1" "cast" "str" 
"reshape1" "cast" "str" 
"reshape1" "cast" "str" 
"reshape1" "cast" "str" 
"print.data.frame" "print" "reshape1" "cast" "str" 
"print.data.frame" "print" "reshape1" "cast" "str" 
"reshape1" "cast" "str" 
"reshape1" "cast" "str" 
"reshape1" "cast" "str" 
"reshape1" "cast" "str" 
"reshape1" "cast" "str" 
"reshape1" "cast" "str" 
"reshape1" "cast" "str" 
"reshape1" "cast" "str" 
"reshape1" "cast" "str" 
"reshape1" "cast" "str" 
"reshape1" "cast" "str" 
"[.data.frame" "[" "reshape1" "cast" "str" 
"reshape1" "cast" "str" 
"reshape1" "cast" "str" 
"reshape1" "cast" "str" 
"reshape1" "cast" "str" 
"reshape1" "cast" "str" 
"reshape1" "cast" "str" 
"reshape1" "cast" "str" 
"reshape1" "cast" "str" 
"reshape1" "cast" "str" 
"reshape1" "cast" "str" 
"reshape1" "cast" "str" 
"reshape1" "cast" "str" 
"reshape1" "cast" "str" 
"reshape1" "cast" "str" 
"reshape1" "cast" "str" 
"names" "[.data.frame" "[" "unique" "reshape1" "cast" "str" 
"reshape1" "cast" "str" 
"reshape1" "cast" "str" 
"reshape1" "cast" "str" 
"reshape1" "cast" "str" 
"reshape1" "cast" "str" 
"[.data.frame" "[" "unique" "reshape1" "cast" "str" 
"[.data.frame" "[" "unique" "reshape1" "cast" "str" 
"reshape1" "cast" "str" 
"reshape1" "cast" "str" 
"print" "reshape1" "cast" "str" 
"reshape1" "cast" "str" 
"reshape1" "cast" "str" 
"reshape1" "cast" "str" 
"reshape1" "cast" "str" 
"reshape1" "cast" "str" 
"reshape1" "cast" "str" 
"names.default" "names" "[.data.frame" "[" "unique" "reshape1" "cast" "str" 
"reshape1" "cast" "str" 
"reshape1" "cast" "str" 
"reshape1" "cast" "str" 
"reshape1" "cast" "str" 
"reshape1" "cast" "str" 
"reshape1" "cast" "str" 
"reshape1" "cast" "str" 
"names.default" "names" "[.data.frame" "[" "unique" "reshape1" "cast" "str" 
"names.default" "names" "[.data.frame" "[" "unique" "reshape1" "cast" "str" 
"getNamespaceInfo" "getInternalExportName" "get" "getExportedValue" "::" "str.default" "str" "str.default" "NextMethod" "str.data.frame" "str" 
"NextMethod" "str.data.frame" "str" "str.default" "NextMethod" "str.data.frame" "str" 
"cast" 
"cast" 
"names" "[.data.frame" "[" "data.frame" "FUN" "lapply" "do.call" "melt" "with" "stopwatch.long" "eval" "cast" 
"[<-.data.frame" "[<-" "FUN" "lapply" "do.call" "melt" "with" "stopwatch.long" "eval" "cast" 
"data.frame" "FUN" "lapply" "do.call" "melt" "with" "stopwatch.long" "eval" "cast" 
"[<-.data.frame" "[<-" "FUN" "lapply" "do.call" "melt" "with" "stopwatch.long" "eval" "cast" 
"rep.default" "rep" "[<-.data.frame" "[<-" "FUN" "lapply" "do.call" "melt" "with" "stopwatch.long" "eval" "cast" 
".subset2" "<Anonymous>" "[[.data.frame" "[[" "rbind" "rbind" "do.call" "melt" "with" "stopwatch.long" "eval" "cast" 
"[<-" "rbind" "rbind" "do.call" "melt" "with" "stopwatch.long" "eval" "cast" 
"as.data.frame.numeric" "as.data.frame" "data.frame" "eval" "eval" "with.default" "with" "stopwatch.long" "eval" "cast" 
"!=" "rbind" "do.call" "merge.data.frame" "merge" "condense" "as.list" "lapply" "sapply" "unique" "expand" "reshape1" "cast" 
"any" "FUN" "lapply" "lapply" "duplicated" "margin.vars" "reshape1" "cast" 
"!" "duplicated.default" "duplicated" "any" "[.data.frame" "[" "merge.data.frame" "merge" "condense" "as.list" "lapply" "sapply" "unique" "expand" "FUN" "lapply" "do.call" "reshape1" "cast" 
"rbind" "rbind" "do.call" "rbind.fill" "reshape1" "cast" 
"mode" "switch" "format.default" "format" "paste" "expand.grid" "expand.grid.df" "data.frame" "reshape1" "cast" 
"!" "[.data.frame" "[" "merge.data.frame" "merge" "merge_recurse" "reshape1" "cast" 
"inherits" "is.factor" "match" "[<-.factor" "[<-" "rbind" "rbind" "merge.data.frame" "merge" "merge_recurse" "reshape1" "cast" 
"reshape1" "cast" 
"unlist" "as.vector" "matrix" "reshape1" "cast" 
"as.matrix.data.frame" "as.matrix" "print.cast_df" "print" 
"with" "stopwatch.long" "eval" "cast" 
"data.frame" "FUN" "lapply" "do.call" "melt" "with" "stopwatch.long" "eval" "cast" 
"[.data.frame" "[" "data.frame" "FUN" "lapply" "do.call" "melt" "with" "stopwatch.long" "eval" "cast" 
"inherits" "is.factor" "match" "%in%" "deparse" "eval" "match.arg" "nchar" "data.frame" "FUN" "lapply" "do.call" "melt" "with" "stopwatch.long" "eval" "cast" 
">" "[<-.data.frame" "[<-" "FUN" "lapply" "do.call" "melt" "with" "stopwatch.long" "eval" "cast" 
"[.data.frame" "[" "FUN" "lapply" "do.call" "melt" "with" "stopwatch.long" "eval" "cast" 
"all" "match.arg" "nchar" "Make.row.names" "rbind" "rbind" "do.call" "melt" "with" "stopwatch.long" "eval" "cast" 
".deparseOpts" "deparse" "paste" "as.data.frame.factor" "as.data.frame" "data.frame" "eval" "eval" "with.default" "with" "stopwatch.long" "eval" "cast" 
"duplicated" "any" "[.data.frame" "[" "as.data.frame" "nrow" "merge.data.frame" "merge" "condense" "as.list" "lapply" "sapply" "unique" "expand" "reshape1" "cast" 
"unique" "intersect" "margin.vars" "reshape1" "cast" 
"inherits" "is.factor" "match" "factor" "split.default" "split" "lapply" "condense" "as.list" "lapply" "sapply" "unique" "expand" "FUN" "lapply" "do.call" "reshape1" "cast" 
"parent.frame" "eval" "match.arg" "nchar" "data.frame" "condense" "as.list" "lapply" "sapply" "unique" "expand" "FUN" "lapply" "do.call" "reshape1" "cast" 
"[.data.frame" "[" "reshape1" "cast" 
"any" ".deparseOpts" "deparse" "switch" "mode" "inherits" "is.factor" "match" "%in%" "deparse" "paste" "as.data.frame.numeric" "as.data.frame" "data.frame" "expand.grid.df" "data.frame" "reshape1" "cast" 
"[.data.frame" "[" "merge.data.frame" "merge" "merge_recurse" "reshape1" "cast" 
"[.data.frame" "[" "reshape1" "cast" 
"reshape1" "cast" 
"reshape1" "cast" 
"reshape1" "cast" 
"print" "print.data.frame" "print" "reshape1" "cast" 
"print" "print.data.frame" "print" "reshape1" "cast" 
"reshape1" "cast" 
"reshape1" "cast" 
"reshape1" "cast" 
"reshape1" "cast" 
"reshape1" "cast" 
"reshape1" "cast" 
"reshape1" "cast" 
"reshape1" "cast" 
"reshape1" "cast" 
"unlist" "as.vector" "matrix" "reshape1" "cast" 
"pmatch" "match.arg" "format.default" "format" "format.data.frame" "format" "as.matrix" "print.cast_df" "print" 
"options" "getOption" "source" 
"source" 
"melt.check" "melt" "with" "stopwatch.long" "eval" "cast" 
"[.data.frame" "[" "data.frame" "FUN" "lapply" "do.call" "melt" "with" "stopwatch.long" "eval" "cast" 
"[<-.data.frame" "[<-" "FUN" "lapply" "do.call" "melt" "with" "stopwatch.long" "eval" "cast" 
"[<-.data.frame" "[<-" "FUN" "lapply" "do.call" "melt" "with" "stopwatch.long" "eval" "cast" 
"make.names" "data.frame" "FUN" "lapply" "do.call" "melt" "with" "stopwatch.long" "eval" "cast" 
"rbind" "rbind" "do.call" "melt" "with" "stopwatch.long" "eval" "cast" 
"as.vector" "as.vector" "rbind" "rbind" "do.call" "melt" "with" "stopwatch.long" "eval" "cast" 
"is.na" "any" "data.frame" "eval" "eval" "with.default" "with" "stopwatch.long" "eval" "cast" 
"paste" "do.call" "duplicated" "duplicated.data.frame" "duplicated" "[.data.frame" "[" "unique.data.frame" "unique" "condense" "as.list" "lapply" "sapply" "unique" "expand" "reshape1" "cast" 
"make.unique" "[.data.frame" "[" "merge.data.frame" "merge" "condense" "as.list" "lapply" "sapply" "unique" "expand" "reshape1" "cast" 
"merge.data.frame" "merge" "condense" "as.list" "lapply" "sapply" "unique" "expand" "FUN" "lapply" "do.call" "reshape1" "cast" 
"row.names<-.data.frame" "row.names<-" "merge.data.frame" "merge" "condense" "as.list" "lapply" "sapply" "unique" "expand" "FUN" "lapply" "do.call" "reshape1" "cast" 
"inherits" "is.factor" "match" "factor" "split.default" "split" "[<-.data.frame" "[<-" "FUN" "lapply" "do.call" "rbind.fill" "do.call" "reshape1" "cast" 
"[.data.frame" "[" "unique" "expand.grid.df" "data.frame" "reshape1" "cast" 
"is.null" "is.null" "as.data.frame" "nrow" "merge.data.frame" "merge" "merge_recurse" "reshape1" "cast" 
"eval" "match.arg" "nchar" "Make.row.names" "rbind" "rbind" "merge.data.frame" "merge" "merge_recurse" "reshape1" "cast" 
"reshape1" "cast" 
"reshape1" "cast" 
"reshape1" "cast" 
"gsub" "paste" "FUN" "apply" "as.vector" "as.data.frame.cast_matrix" "as.data.frame" "reshape1" "cast" 
"names" "factor" "as.data.frame.vector" "as.data.frame.character" "as.data.frame" "data.frame" "do.call" "format.data.frame" "format" "as.matrix" "print.cast_df" "print" 
"melt.check" "melt" "with" "stopwatch.long" "eval" "cast" 
"[.data.frame" "[" "FUN" "lapply" "do.call" "melt" "with" "stopwatch.long" "eval" "cast" 
"names<-" "$<-.data.frame" "$<-" "FUN" "lapply" "do.call" "melt" "with" "stopwatch.long" "eval" "cast" 
"[.data.frame" "[" "data.frame" "FUN" "lapply" "do.call" "melt" "with" "stopwatch.long" "eval" "cast" 
"lapply" "sapply" "rbind" "rbind" "do.call" "melt" "with" "stopwatch.long" "eval" "cast" 
"as.vector" "seq.default" "seq" "rbind" "rbind" "do.call" "melt" "with" "stopwatch.long" "eval" "cast" 
"rbind" "rbind" "do.call" "melt" "with" "stopwatch.long" "eval" "cast" 
"[.data.frame" "[" "cast" 
"[.data.frame" "[" "unique.data.frame" "unique" "nrow" "reshape1" "cast" 
"[.data.frame" "[" "unique.data.frame" "unique" "nrow" "reshape1" "cast" 
"[.data.frame" "[" "unique.data.frame" "unique" "nrow" "reshape1" "cast" 
"[.data.frame" "[" "unique.data.frame" "unique" "nrow" "reshape1" "cast" 
"[.data.frame" "[" "unique.data.frame" "unique" "nrow" "reshape1" "cast" 
"[.data.frame" "[" "unique.data.frame" "unique" "nrow" "reshape1" "cast" 
"[.data.frame" "[" "unique.data.frame" "unique" "nrow" "reshape1" "cast" 
"fix.by" "merge.data.frame" "merge" "condense" "as.list" "lapply" "sapply" "unique" "expand" "reshape1" "cast" 
"split" "lapply" "condense" "as.list" "lapply" "sapply" "unique" "expand" "reshape1" "cast" 
"lapply" "do.call" "reshape1" "cast" 
"as.vector" "as.vector" "factor" "rbind" "rbind" "do.call" "rbind.fill" "reshape1" "cast" 
"pmatch" ".deparseOpts" "deparse" "paste" "as.data.frame.numeric" "as.data.frame" "data.frame" "expand.grid.df" "data.frame" "reshape1" "cast" 
"inherits" "is.factor" "match" "%in%" "deparse" "eval" "match.arg" "nchar" "data.frame" "cbind" "cbind" "merge.data.frame" "merge" "merge_recurse" "reshape1" "cast" 
"reshape1" "cast" 
"matrix" "reshape1" "cast" 
"prettyNum" "switch" "format.default" "format" "format.data.frame" "format" "as.matrix" "print.cast_df" "print" 
"source" 
"source" 
"source" 
"names" "melt.check" "melt" "with" "stopwatch.long" "eval" "cast" 
"names<-" "[<-.data.frame" "[<-" "FUN" "lapply" "do.call" "melt" "with" "stopwatch.long" "eval" "cast" 
"max" "data.frame" "FUN" "lapply" "do.call" "melt" "with" "stopwatch.long" "eval" "cast" 
"$<-.data.frame" "$<-" "FUN" "lapply" "do.call" "melt" "with" "stopwatch.long" "eval" "cast" 
"lapply" "sapply" "rbind" "rbind" "do.call" "melt" "with" "stopwatch.long" "eval" "cast" 
"rbind" "rbind" "do.call" "melt" "with" "stopwatch.long" "eval" "cast" 
"rbind" "rbind" "do.call" "melt" "with" "stopwatch.long" "eval" "cast" 
"seq.default" "seq" "data.frame" "eval" "eval" "with.default" "with" "stopwatch.long" "eval" "cast" 
"rbind" "rbind" "do.call" "merge.data.frame" "merge" "condense" "as.list" "lapply" "sapply" "unique" "expand" "reshape1" "cast" 
"duplicated.default" "duplicated" "duplicated.data.frame" "duplicated" "[.data.frame" "[" "unique.data.frame" "unique" "condense" "as.list" "lapply" "sapply" "unique" "expand" "FUN" "lapply" "do.call" "reshape1" "cast" 
"names" "merge.data.frame" "merge" "condense" "as.list" "lapply" "sapply" "unique" "expand" "FUN" "lapply" "do.call" "reshape1" "cast" 
">" "[<-.data.frame" "[<-" "FUN" "lapply" "do.call" "rbind.fill" "do.call" "reshape1" "cast" 
"paste" "do.call" "duplicated" "duplicated.data.frame" "duplicated" "[.data.frame" "[" "unique.data.frame" "unique" "expand.grid.df" "data.frame" "reshape1" "cast" 
"inherits" "unique.default" "unique" "intersect" "as.vector" "fix.by" "merge.data.frame" "merge" "merge_recurse" "reshape1" "cast" 
"eval" "match.arg" "nchar" "Make.row.names" "rbind" "rbind" "merge.data.frame" "merge" "merge_recurse" "reshape1" "cast" 
"data.frame" "as.data.frame.cast_matrix" "as.data.frame" "reshape1" "cast" 
"melt.check" "melt" "with" "stopwatch.long" "eval" "cast" 
"duplicated.default" "duplicated" "any" "data.frame" "FUN" "lapply" "do.call" "melt" "with" "stopwatch.long" "eval" "cast" 
"[.data.frame" "[" "FUN" "lapply" "do.call" "melt" "with" "stopwatch.long" "eval" "cast" 
">" "[<-.data.frame" "[<-" "FUN" "lapply" "do.call" "melt" "with" "stopwatch.long" "eval" "cast" 
"data.frame" "FUN" "lapply" "do.call" "melt" "with" "stopwatch.long" "eval" "cast" 
"names<-.default" "names<-" "lapply" "do.call" "melt" "with" "stopwatch.long" "eval" "cast" 
"eval" "match.arg" "nchar" "Make.row.names" "rbind" "rbind" "do.call" "melt" "with" "stopwatch.long" "eval" "cast" 
"rbind" "rbind" "do.call" "melt" "with" "stopwatch.long" "eval" "cast" 
">" "%in%" "deparse" "switch" "mode" "inherits" "is.factor" "match" "%in%" "deparse" "paste" "as.data.frame.integer" "as.data.frame" "data.frame" "eval" "eval" "with.default" "with" "stopwatch.long" "eval" "cast" 
"duplicated" "any" "row.names<-.data.frame" "row.names<-" "merge.data.frame" "merge" "condense" "as.list" "lapply" "sapply" "unique" "expand" "reshape1" "cast" 
"duplicated.default" "duplicated" "any" "row.names<-.data.frame" "row.names<-" "merge.data.frame" "merge" "condense" "as.list" "lapply" "sapply" "unique" "expand" "reshape1" "cast" 
"[" "merge.data.frame" "merge" "condense" "as.list" "lapply" "sapply" "unique" "expand" "FUN" "lapply" "do.call" "reshape1" "cast" 
"is.factor" "match" "merge.data.frame" "merge" "condense" "as.list" "lapply" "sapply" "unique" "expand" "FUN" "lapply" "do.call" "reshape1" "cast" 
"factor" "rbind" "rbind" "do.call" "merge.data.frame" "merge" "condense" "as.list" "lapply" "sapply" "unique" "expand" "FUN" "lapply" "do.call" "reshape1" "cast" 
"match" "factor" "split.default" "split" "[<-.data.frame" "[<-" "FUN" "lapply" "do.call" "rbind.fill" "do.call" "reshape1" "cast" 
"rbind" "rbind" "do.call" "rbind.fill" "reshape1" "cast" 
"list" "paste" "expand.grid" "expand.grid.df" "data.frame" "reshape1" "cast" 
"data.frame" "reshape1" "cast" 
"as.list.default" "as.list" "lapply" "sapply" "rbind" "rbind" "merge.data.frame" "merge" "merge_recurse" "reshape1" "cast" 
"class<-" "[.data.frame" "[" "do.call" "[.data.frame" "[" "reshape1" "cast" 
"rownames<-" "reshape1" "cast" 
"[.data.frame" "[" "format" "as.matrix" "print.cast_df" "print" 
"==" "as.data.frame.vector" "as.data.frame.character" "as.data.frame" "data.frame" "do.call" "format.data.frame" "format" "as.matrix" "print.cast_df" "print" 
"melt.check" "melt" "with" "stopwatch.long" "eval" "cast" 
"melt.check" "melt" "with" "stopwatch.long" "eval" "cast" 
"formals" "match.arg" "nchar" "data.frame" "FUN" "lapply" "do.call" "melt" "with" "stopwatch.long" "eval" "cast" 
"inherits" "is.factor" "match" "%in%" "data.frame" "FUN" "lapply" "do.call" "melt" "with" "stopwatch.long" "eval" "cast" 
">" "[<-.data.frame" "[<-" "FUN" "lapply" "do.call" "melt" "with" "stopwatch.long" "eval" "cast" 
"unique" "rbind" "rbind" "do.call" "melt" "with" "stopwatch.long" "eval" "cast" 
"match" "[<-.factor" "[<-" "rbind" "rbind" "do.call" "melt" "with" "stopwatch.long" "eval" "cast" 
"deparse" "switch" "mode" "inherits" "is.factor" "match" "%in%" "deparse" "paste" "as.data.frame.numeric" "as.data.frame" "data.frame" "eval" "eval" "with.default" "with" "stopwatch.long" "eval" "cast" 
"[.data.frame" "[" "unique.data.frame" "unique" "condense" "as.list" "lapply" "sapply" "unique" "expand" "reshape1" "cast" 
"merge.data.frame" "merge" "condense" "as.list" "lapply" "sapply" "unique" "expand" "reshape1" "cast" 
"!" "seq.default" "seq" "paste" "do.call" "duplicated" "duplicated.data.frame" "duplicated" "[.data.frame" "[" "unique.data.frame" "unique" "condense" "as.list" "lapply" "sapply" "unique" "expand" "FUN" "lapply" "do.call" "reshape1" "cast" 
"data.frame" "cbind" "cbind" "merge.data.frame" "merge" "condense" "as.list" "lapply" "sapply" "unique" "expand" "FUN" "lapply" "do.call" "reshape1" "cast" 
"make.unique" "rbind" "rbind" "do.call" "merge.data.frame" "merge" "condense" "as.list" "lapply" "sapply" "unique" "expand" "FUN" "lapply" "do.call" "reshape1" "cast" 
"any" "[.data.frame" "[" "merge.data.frame" "merge" "condense" "as.list" "lapply" "sapply" "unique" "expand" "FUN" "lapply" "do.call" "reshape1" "cast" 
"identical" "Make.row.names" "rbind" "rbind" "do.call" "rbind.fill" "do.call" "reshape1" "cast" 
"[.data.frame" "[" "unique" "expand.grid.df" "data.frame" "reshape1" "cast" 
"as.integer" "substr" "data.frame" "expand.grid.df" "data.frame" "reshape1" "cast" 
"[.data.frame" "[" "merge.data.frame" "merge" "merge_recurse" "reshape1" "cast" 
"any" "data.frame" "cbind" "cbind" "merge.data.frame" "merge" "merge_recurse" "reshape1" "cast" 
"aperm" "apply" "as.vector" "as.data.frame.cast_matrix" "as.data.frame" "reshape1" "cast" 
"gsub" "paste" "FUN" "apply" "as.vector" "as.data.frame.cast_matrix" "as.data.frame" "reshape1" "cast" 
"match" "%in%" "deparse" "eval" "match.arg" "format.default" "format" "format.data.frame" "format" "as.matrix" "print.cast_df" "print" 
"match.arg" "format.default" "format" "format.data.frame" "format" "as.matrix" "print.cast_df" "print" 
"unique.default" "inherits" "is.factor" "sort" "factor" "as.data.frame.vector" "as.data.frame.character" "as.data.frame" "data.frame" "do.call" "format.data.frame" "format" "as.matrix" "print.cast_df" "print" 
"match" "%in%" "deparse" "paste" "as.data.frame.vector" "as.data.frame.character" "as.data.frame" "data.frame" "do.call" "format.data.frame" "format" "as.matrix" "print.cast_df" "print" 
"factor" "as.data.frame.vector" "as.data.frame.character" "as.data.frame" "data.frame" "do.call" "format.data.frame" "format" "as.matrix" "print.cast_df" "print" 
"paste" "as.data.frame.vector" "as.data.frame.character" "as.data.frame" "data.frame" "do.call" "format.data.frame" "format" "as.matrix" "print.cast_df" "print" 
"data.frame" "do.call" "format.data.frame" "format" "as.matrix" "print.cast_df" "print" 
"is.character" "as.matrix.data.frame" "as.matrix" "print.cast_df" "print" 
"melt" "with" "stopwatch.long" "eval" "cast" 
"melt" "with" "stopwatch.long" "eval" "cast" 
"[<-.data.frame" "[<-" "FUN" "lapply" "do.call" "melt" "with" "stopwatch.long" "eval" "cast" 
"[.data.frame" "[" "data.frame" "FUN" "lapply" "do.call" "melt" "with" "stopwatch.long" "eval" "cast" 
"make.names" "data.frame" "FUN" "lapply" "do.call" "melt" "with" "stopwatch.long" "eval" "cast" 
"[<-.data.frame" "[<-" "FUN" "lapply" "do.call" "melt" "with" "stopwatch.long" "eval" "cast" 
"unique.default" "unique" "rbind" "rbind" "do.call" "melt" "with" "stopwatch.long" "eval" "cast" 
"names" "rbind" "rbind" "do.call" "melt" "with" "stopwatch.long" "eval" "cast" 
"[.data.frame" "[" "merge.data.frame" "merge" "condense" "as.list" "lapply" "sapply" "unique" "expand" "reshape1" "cast" 
"match" "factor" "split.default" "split" "lapply" "condense" "as.list" "lapply" "sapply" "unique" "expand" "reshape1" "cast" 
"is.ordered" "rbind" "rbind" "do.call" "merge.data.frame" "merge" "condense" "as.list" "lapply" "sapply" "unique" "expand" "FUN" "lapply" "do.call" "reshape1" "cast" 
"rbind" "rbind" "do.call" "merge.data.frame" "merge" "condense" "as.list" "lapply" "sapply" "unique" "expand" "FUN" "lapply" "do.call" "reshape1" "cast" 
"data.frame" "cbind" "cbind" "merge.data.frame" "merge" "condense" "as.list" "lapply" "sapply" "unique" "expand" "FUN" "lapply" "do.call" "reshape1" "cast" 
"seq" "[<-.data.frame" "[<-" "FUN" "lapply" "do.call" "rbind.fill" "do.call" "reshape1" "cast" 
"rbind" "rbind" "do.call" "rbind.fill" "reshape1" "cast" 
"length" "length" "dim.data.frame" "dim" "ncol" "fix.by" "merge.data.frame" "merge" "merge_recurse" "reshape1" "cast" 
"data.frame" "cbind" "cbind" "rbind" "merge.data.frame" "merge" "merge_recurse" "reshape1" "cast" 
"gsub" "paste" "FUN" "apply" "as.vector" "as.data.frame.cast_matrix" "as.data.frame" "reshape1" "cast" 
"match.arg" "format.default" "format" "format.data.frame" "format" "as.matrix" "print.cast_df" "print" 
"names<-" "as.data.frame.vector" "as.data.frame.character" "as.data.frame" "data.frame" "do.call" "format.data.frame" "format" "as.matrix" "print.cast_df" "print" 
"names<-.default" "names<-" "factor" "as.data.frame.vector" "as.data.frame.character" "as.data.frame" "data.frame" "do.call" "format.data.frame" "format" "as.matrix" "print.cast_df" "print" 
"names.default" "names" "melt.check" "melt" "with" "stopwatch.long" "eval" "cast" 
"[<-.data.frame" "[<-" "FUN" "lapply" "do.call" "melt" "with" "stopwatch.long" "eval" "cast" 
"names" "inherits" "is.factor" "match" "[<-.data.frame" "[<-" "FUN" "lapply" "do.call" "melt" "with" "stopwatch.long" "eval" "cast" 
"data.frame" "FUN" "lapply" "do.call" "melt" "with" "stopwatch.long" "eval" "cast" 
"sum" ".deparseOpts" "deparse" "eval" "match.arg" "nchar" "Make.row.names" "rbind" "rbind" "do.call" "melt" "with" "stopwatch.long" "eval" "cast" 
"rbind" "rbind" "do.call" "melt" "with" "stopwatch.long" "eval" "cast" 
"as.data.frame.numeric" "as.data.frame" "data.frame" "eval" "eval" "with.default" "with" "stopwatch.long" "eval" "cast" 
"match" "%in%" "melt.check" "melt" "with" "stopwatch.long" "eval" "cast" 
"[.data.frame" "[" "data.frame" "FUN" "lapply" "do.call" "melt" "with" "stopwatch.long" "eval" "cast" 
"[<-.data.frame" "[<-" "FUN" "lapply" "do.call" "melt" "with" "stopwatch.long" "eval" "cast" 
"make.unique" "make.names" "data.frame" "FUN" "lapply" "do.call" "melt" "with" "stopwatch.long" "eval" "cast" 
"names<-" "$<-.data.frame" "$<-" "FUN" "lapply" "do.call" "melt" "with" "stopwatch.long" "eval" "cast" 
"data.frame" "FUN" "lapply" "do.call" "melt" "with" "stopwatch.long" "eval" "cast" 
"seq.default" "seq" "rbind" "rbind" "do.call" "melt" "with" "stopwatch.long" "eval" "cast" 
"deparse" "switch" "mode" "inherits" "is.factor" "match" "%in%" "deparse" "paste" "as.data.frame.integer" "as.data.frame" "data.frame" "eval" "eval" "with.default" "with" "stopwatch.long" "eval" "cast" 
"names.default" "names" "lapply" "unlist" "margin.intersect" "margin.vars" "reshape1" "cast" 
"melt.check" "melt" "with" "stopwatch.long" "eval" "cast" 
"names<-" "[<-.data.frame" "[<-" "FUN" "lapply" "do.call" "melt" "with" "stopwatch.long" "eval" "cast" 
"duplicated.default" "duplicated" "any" "[.data.frame" "[" "data.frame" "FUN" "lapply" "do.call" "melt" "with" "stopwatch.long" "eval" "cast" 
"[<-.data.frame" "[<-" "FUN" "lapply" "do.call" "melt" "with" "stopwatch.long" "eval" "cast" 
"FUN" "lapply" "sapply" "rbind" "rbind" "do.call" "melt" "with" "stopwatch.long" "eval" "cast" 
"formals" "match.arg" "nchar" "Make.row.names" "rbind" "rbind" "do.call" "melt" "with" "stopwatch.long" "eval" "cast" 
"as.vector" "rbind" "rbind" "do.call" "melt" "with" "stopwatch.long" "eval" "cast" 
"check_formula" "cast_parse_formula" "cast" 
"do.call" "merge.data.frame" "merge" "condense" "as.list" "lapply" "sapply" "unique" "expand" "reshape1" "cast" 
"inherits" "unique.default" "unique" "fix.by" "merge.data.frame" "merge" "condense" "as.list" "lapply" "sapply" "unique" "expand" "FUN" "lapply" "do.call" "reshape1" "cast" 
"inherits" "is.factor" "unique.default" "unique" "sapply" "unique" "expand" "FUN" "lapply" "do.call" "reshape1" "cast" 
"data.frame" "cbind" "cbind" "merge.data.frame" "merge" "condense" "as.list" "lapply" "sapply" "unique" "expand" "FUN" "lapply" "do.call" "reshape1" "cast" 
"array" "condense" "as.list" "lapply" "sapply" "unique" "expand" "FUN" "lapply" "do.call" "reshape1" "cast" 
"names<-" "[<-.data.frame" "[<-" "FUN" "lapply" "do.call" "rbind.fill" "do.call" "reshape1" "cast" 
"inherits" "is.factor" "rbind" "rbind" "do.call" "rbind.fill" "reshape1" "cast" 
"[.data.frame" "[" "data.frame" "expand.grid.df" "data.frame" "reshape1" "cast" 
"rbind" "rbind" "do.call" "merge.data.frame" "merge" "merge_recurse" "reshape1" "cast" 
"eval" "match.arg" "nchar" "data.frame" "cbind" "cbind" "merge.data.frame" "merge" "merge_recurse" "reshape1" "cast" 
"gsub" "paste" "FUN" "apply" "as.vector" "as.data.frame.cast_matrix" "as.data.frame" "reshape1" "cast" 
"format" "format.data.frame" "format" "as.matrix" "print.cast_df" "print" 
"<" "[[.data.frame" "[[" "format" "format.data.frame" "format" "as.matrix" "print.cast_df" "print" 
"names" "data.frame" "do.call" "format.data.frame" "format" "as.matrix" "print.cast_df" "print" 
"is.factor" "match" "factor" "as.data.frame.vector" "as.data.frame.character" "as.data.frame" "data.frame" "do.call" "format.data.frame" "format" "as.matrix" "print.cast_df" "print" 
"paste" "as.data.frame.vector" "as.data.frame.character" "as.data.frame" "data.frame" "do.call" "format.data.frame" "format" "as.matrix" "print.cast_df" "print" 
"length" "as.matrix.data.frame" "as.matrix" "print.cast_df" "print" 
"melt.check" "melt" "with" "stopwatch.long" "eval" "cast" 
"melt.check" "melt" "with" "stopwatch.long" "eval" "cast" 
"[.data.frame" "[" "FUN" "lapply" "do.call" "melt" "with" "stopwatch.long" "eval" "cast" 
"as.list.default" "as.list" "data.frame" "FUN" "lapply" "do.call" "melt" "with" "stopwatch.long" "eval" "cast" 
"NROW" "[<-.data.frame" "[<-" "FUN" "lapply" "do.call" "melt" "with" "stopwatch.long" "eval" "cast" 
"duplicated" "any" "[<-.data.frame" "[<-" "FUN" "lapply" "do.call" "melt" "with" "stopwatch.long" "eval" "cast" 
"unique" "rbind" "rbind" "do.call" "melt" "with" "stopwatch.long" "eval" "cast" 
"names" "rbind" "rbind" "do.call" "melt" "with" "stopwatch.long" "eval" "cast" 
"[.data.frame" "[" "cast" 
"row.names<-.data.frame" "row.names<-" "merge.data.frame" "merge" "condense" "as.list" "lapply" "sapply" "unique" "expand" "reshape1" "cast" 
"duplicated.default" "duplicated" "any" "data.frame" "cbind" "cbind" "merge.data.frame" "merge" "condense" "as.list" "lapply" "sapply" "unique" "expand" "reshape1" "cast" 
"duplicated.default" "duplicated" "any" "data.row.names" "data.frame" "cbind" "cbind" "merge.data.frame" "merge" "condense" "as.list" "lapply" "sapply" "unique" "expand" "FUN" "lapply" "do.call" "reshape1" "cast" 
"prod" "array" "condense" "as.list" "lapply" "sapply" "unique" "expand" "FUN" "lapply" "do.call" "reshape1" "cast" 
"expand.grid" "expand.grid.df" "data.frame" "reshape1" "cast" 
"lapply" "unlist" "unique" "sapply" "rbind" "rbind" "do.call" "merge.data.frame" "merge" "merge_recurse" "reshape1" "cast" 
"class<-" "[.data.frame" "[" "merge.data.frame" "merge" "merge_recurse" "reshape1" "cast" 
"prettyNum" "switch" "format.default" "format" "format.data.frame" "format" "as.matrix" "print.cast_df" "print" 
"pmatch" "capabilities" "source" 
"pmatch" "capabilities" "source" 
"source" 
"names" "melt.check" "melt" "with" "stopwatch.long" "eval" "cast" 
"is.finite" "seq.default" "seq" "[<-.data.frame" "[<-" "FUN" "lapply" "do.call" "melt" "with" "stopwatch.long" "eval" "cast" 
"duplicated.default" "duplicated" "any" "[.data.frame" "[" "data.frame" "FUN" "lapply" "do.call" "melt" "with" "stopwatch.long" "eval" "cast" 
"data.frame" "FUN" "lapply" "do.call" "melt" "with" "stopwatch.long" "eval" "cast" 
"[<-.data.frame" "[<-" "FUN" "lapply" "do.call" "melt" "with" "stopwatch.long" "eval" "cast" 
"eval" "match.arg" "nchar" "Make.row.names" "rbind" "rbind" "do.call" "melt" "with" "stopwatch.long" "eval" "cast" 
"data.frame" "eval" "eval" "with.default" "with" "stopwatch.long" "eval" "cast" 
"unique.default" "unique" "fix.by" "merge.data.frame" "merge" "condense" "as.list" "lapply" "sapply" "unique" "expand" "reshape1" "cast" 
"names" "sort" "factor" "split.default" "split" "lapply" "condense" "as.list" "lapply" "sapply" "unique" "expand" "reshape1" "cast" 
"row.names<-.data.frame" "row.names<-" "merge.data.frame" "merge" "condense" "as.list" "lapply" "sapply" "unique" "expand" "FUN" "lapply" "do.call" "reshape1" "cast" 
"%in%" "data.frame" "condense" "as.list" "lapply" "sapply" "unique" "expand" "FUN" "lapply" "do.call" "reshape1" "cast" 
"inherits" "is.factor" "match" "factor" "rbind" "rbind" "do.call" "rbind.fill" "reshape1" "cast" 
"inherits" "is.factor" "match" "%in%" "deparse" "eval" "match.arg" "nchar" "Make.row.names" "rbind" "rbind" "do.call" "merge.data.frame" "merge" "merge_recurse" "reshape1" "cast" 
"as.list.default" "as.list" "data.frame" "cbind" "cbind" "merge.data.frame" "merge" "merge_recurse" "reshape1" "cast" 
"prettyNum" "switch" "format.default" "format" "format.data.frame" "format" "as.matrix" "print.cast_df" "print" 
"gsub" 
"melt" "with" "stopwatch.long" "eval" "cast" 
"duplicated" "any" "data.row.names" "data.frame" "FUN" "lapply" "do.call" "melt" "with" "stopwatch.long" "eval" "cast" 
"any" ".deparseOpts" "deparse" "eval" "match.arg" "nchar" "data.frame" "FUN" "lapply" "do.call" "melt" "with" "stopwatch.long" "eval" "cast" 
"any" "data.row.names" "data.frame" "FUN" "lapply" "do.call" "melt" "with" "stopwatch.long" "eval" "cast" 
"as.list" "data.frame" "FUN" "lapply" "do.call" "melt" "with" "stopwatch.long" "eval" "cast" 
"inherits" "rbind" "rbind" "do.call" "melt" "with" "stopwatch.long" "eval" "cast" 
"inherits" "is.factor" "rbind" "rbind" "do.call" "melt" "with" "stopwatch.long" "eval" "cast" 
"duplicated" "any" "data.frame" "eval" "eval" "with.default" "with" "stopwatch.long" "eval" "cast" 
"names<-" "rbind" "rbind" "do.call" "merge.data.frame" "merge" "condense" "as.list" "lapply" "sapply" "unique" "expand" "reshape1" "cast" 
"duplicated.default" "duplicated" "any" "data.frame" "condense" "as.list" "lapply" "sapply" "unique" "expand" "FUN" "lapply" "do.call" "reshape1" "cast" 
"formals" "match.arg" "format.default" "format" "paste" "expand.grid" "expand.grid.df" "data.frame" "reshape1" "cast" 
"dim" "nrow" "merge.data.frame" "merge" "merge_recurse" "reshape1" "cast" 
"[" "[.data.frame" "[" "unique.data.frame" "unique" "reshape1" "cast" 
"format.data.frame" "format" "as.matrix" "print.cast_df" "print" 
"capabilities" "source" 
"is.name" "mode" "inherits" "is.factor" "match" "%in%" "deparse" "switch" "mode" "source" 
"match" "%in%" "melt.check" "melt" "with" "stopwatch.long" "eval" "cast" 
"names" "[.data.frame" "[" "data.frame" "FUN" "lapply" "do.call" "melt" "with" "stopwatch.long" "eval" "cast" 
"all" "match.arg" "nchar" "data.frame" "FUN" "lapply" "do.call" "melt" "with" "stopwatch.long" "eval" "cast" 
"[.data.frame" "[" "FUN" "lapply" "do.call" "melt" "with" "stopwatch.long" "eval" "cast" 
"names<-" "[<-.data.frame" "[<-" "FUN" "lapply" "do.call" "melt" "with" "stopwatch.long" "eval" "cast" 
"is.matrix" "is.matrix" "rbind" "rbind" "do.call" "melt" "with" "stopwatch.long" "eval" "cast" 
"seq" "paste" "as.data.frame.factor" "as.data.frame" "data.frame" "eval" "eval" "with.default" "with" "stopwatch.long" "eval" "cast" 
"[.data.frame" "[" "merge.data.frame" "merge" "condense" "as.list" "lapply" "sapply" "unique" "expand" "reshape1" "cast" 
"reshape1" "cast" 
"data.row.names" "data.frame" "cbind" "cbind" "merge.data.frame" "merge" "condense" "as.list" "lapply" "sapply" "unique" "expand" "FUN" "lapply" "do.call" "reshape1" "cast" 
"names.default" "names" "rbind" "rbind" "do.call" "rbind.fill" "do.call" "reshape1" "cast" 
"max" "data.frame" "cbind.data.frame" "do.call" "expand.grid" "expand.grid.df" "data.frame" "reshape1" "cast" 
"[<-.factor" "[<-" "rbind" "rbind" "do.call" "merge.data.frame" "merge" "merge_recurse" "reshape1" "cast" 
"as.integer" "substr" "data.frame" "cbind" "cbind" "merge.data.frame" "merge" "merge_recurse" "reshape1" "cast" 
"deparse" "switch" "mode" "inherits" "is.factor" "match" "%in%" "deparse" "paste" "as.data.frame.vector" "as.data.frame.character" "as.data.frame" "data.frame" "do.call" "format.data.frame" "format" "as.matrix" "print.cast_df" "print" 
"names" "melt.check" "melt" "with" "stopwatch.long" "eval" "cast" 
"names" "rep.default" "rep" "[<-.data.frame" "[<-" "FUN" "lapply" "do.call" "melt" "with" "stopwatch.long" "eval" "cast" 
"any" "[<-.data.frame" "[<-" "FUN" "lapply" "do.call" "melt" "with" "stopwatch.long" "eval" "cast" 
"data.frame" "FUN" "lapply" "do.call" "melt" "with" "stopwatch.long" "eval" "cast" 
"names.default" "names" "rep.default" "rep" "[<-.data.frame" "[<-" "FUN" "lapply" "do.call" "melt" "with" "stopwatch.long" "eval" "cast" 
"eval" "match.arg" "nchar" "Make.row.names" "rbind" "rbind" "do.call" "melt" "with" "stopwatch.long" "eval" "cast" 
"data.frame" "eval" "eval" "with.default" "with" "stopwatch.long" "eval" "cast" 
"length" "dim.data.frame" "dim" "ncol" "paste" "merge.data.frame" "merge" "condense" "as.list" "lapply" "sapply" "unique" "expand" "reshape1" "cast" 
"==" "data.frame" "cbind" "cbind" "merge.data.frame" "merge" "condense" "as.list" "lapply" "sapply" "unique" "expand" "FUN" "lapply" "do.call" "reshape1" "cast" 
"condense" "as.list" "lapply" "sapply" "unique" "expand" "FUN" "lapply" "do.call" "reshape1" "cast" 
"rbind" "rbind" "do.call" "rbind.fill" "reshape1" "cast" 
"==" "all" "match.arg" "nchar" "data.frame" "reshape1" "cast" 
"seq.default" "seq" "rbind" "rbind" "merge.data.frame" "merge" "merge_recurse" "reshape1" "cast" 
"names<-" "as.data.frame.matrix" "as.data.frame" "data.frame" "as.data.frame.cast_matrix" "as.data.frame" "reshape1" "cast" 
"data.frame" "do.call" "format.data.frame" "format" "as.matrix" "print.cast_df" "print" 
"source" 
"names" "melt.check" "melt" "with" "stopwatch.long" "eval" "cast" 
"as.list" "data.frame" "FUN" "lapply" "do.call" "melt" "with" "stopwatch.long" "eval" "cast" 
"duplicated" "any" "[.data.frame" "[" "data.frame" "FUN" "lapply" "do.call" "melt" "with" "stopwatch.long" "eval" "cast" 
"FUN" "lapply" "do.call" "melt" "with" "stopwatch.long" "eval" "cast" 
"==" "[<-.data.frame" "[<-" "FUN" "lapply" "do.call" "melt" "with" "stopwatch.long" "eval" "cast" 
"is.matrix" "is.matrix" "rbind" "rbind" "do.call" "melt" "with" "stopwatch.long" "eval" "cast" 
"names" "rbind" "rbind" "do.call" "melt" "with" "stopwatch.long" "eval" "cast" 
"deparse" "paste" "as.data.frame.numeric" "as.data.frame" "data.frame" "eval" "eval" "with.default" "with" "stopwatch.long" "eval" "cast" 
"names<-" "data.frame" "cbind" "cbind" "merge.data.frame" "merge" "condense" "as.list" "lapply" "sapply" "unique" "expand" "reshape1" "cast" 
"is.logical" "match" "factor" "split.default" "split" "lapply" "condense" "as.list" "lapply" "sapply" "unique" "expand" "FUN" "lapply" "do.call" "reshape1" "cast" 
"names" "[.data.frame" "[" "unique" "expand.grid.df" "data.frame" "reshape1" "cast" 
"deparse" "eval" "match.arg" "nchar" "data.frame" "reshape1" "cast" 
"inherits" "unique.default" "unique" "rbind" "rbind" "merge.data.frame" "merge" "merge_recurse" "reshape1" "cast" 
"format.data.frame" "format" "as.matrix" "print.cast_df" "print" 
"index.search" "FUN" "lapply" "sapply" "help" "eval" "eval" "?" 
"index.search" "FUN" "lapply" "sapply" "help" "eval" "eval" "?" 
"index.search" "FUN" "lapply" "sapply" "help" "eval" "eval" "?" 
"print.help_files_with_topic" "print" 
"index.search" "FUN" "lapply" "sapply" "help" "eval" "eval" "?" 
"names" "capabilities" "source" 
"pmatch" ".deparseOpts" "deparse" "switch" "mode" "source" 
"[" "FUN" "lapply" "do.call" "melt" "with" "stopwatch.long" "eval" "cast" 
"data.frame" "FUN" "lapply" "do.call" "melt" "with" "stopwatch.long" "eval" "cast" 
"data.frame" "FUN" "lapply" "do.call" "melt" "with" "stopwatch.long" "eval" "cast" 
"match" "as.data.frame.data.frame" "as.data.frame" "data.frame" "FUN" "lapply" "do.call" "melt" "with" "stopwatch.long" "eval" "cast" 
"vector" "logical" "rbind" "rbind" "do.call" "melt" "with" "stopwatch.long" "eval" "cast" 
"levels" "rbind" "rbind" "do.call" "melt" "with" "stopwatch.long" "eval" "cast" 
"rbind" "rbind" "do.call" "melt" "with" "stopwatch.long" "eval" "cast" 
"data.frame" "eval" "eval" "with.default" "with" "stopwatch.long" "eval" "cast" 
"as.vector" "seq.default" "seq" "rbind" "rbind" "do.call" "merge.data.frame" "merge" "condense" "as.list" "lapply" "sapply" "unique" "expand" "reshape1" "cast" 
"dim" "nrow" "condense" "as.list" "lapply" "sapply" "unique" "expand" "FUN" "lapply" "do.call" "reshape1" "cast" 
"rbind" "rbind" "do.call" "rbind.fill" "do.call" "reshape1" "cast" 
"seq" "paste" "as.data.frame.integer" "as.data.frame" "data.frame" "cbind.data.frame" "do.call" "expand.grid" "expand.grid.df" "data.frame" "reshape1" "cast" 
"pmatch" ".deparseOpts" "deparse" "eval" "match.arg" "nchar" "Make.row.names" "rbind" "rbind" "merge.data.frame" "merge" "merge_recurse" "reshape1" "cast" 
"names" "[.data.frame" "[" "format" "as.matrix" "print.cast_df" "print" 
"names" "capabilities" "source" 
"source" 
"source" 
"NROW" "$<-.data.frame" "$<-" "FUN" "lapply" "do.call" "melt" "with" "stopwatch.long" "eval" "cast" 
"deparse" "eval" "match.arg" "nchar" "data.frame" "FUN" "lapply" "do.call" "melt" "with" "stopwatch.long" "eval" "cast" 
"inherits" "is.factor" "match" "%in%" "deparse" "eval" "match.arg" "nchar" "data.frame" "FUN" "lapply" "do.call" "melt" "with" "stopwatch.long" "eval" "cast" 
"any" "[.data.frame" "[" "FUN" "lapply" "do.call" "melt" "with" "stopwatch.long" "eval" "cast" 
"[.data.frame" "[" "data.frame" "FUN" "lapply" "do.call" "melt" "with" "stopwatch.long" "eval" "cast" 
"pmatch" ".deparseOpts" "deparse" "eval" "match.arg" "nchar" "Make.row.names" "rbind" "rbind" "do.call" "melt" "with" "stopwatch.long" "eval" "cast" 
"inherits" "is.factor" "rbind" "rbind" "do.call" "melt" "with" "stopwatch.long" "eval" "cast" 
"duplicated.default" "duplicated" "any" "[.data.frame" "[" "remove.na" "melt" "with" "stopwatch.long" "eval" "cast" 
"duplicated" "any" "[.data.frame" "[" "cast" 
"duplicated" "any" "[.data.frame" "[" "merge.data.frame" "merge" "condense" "as.list" "lapply" "sapply" "unique" "expand" "reshape1" "cast" 
"split" "lapply" "condense" "as.list" "lapply" "sapply" "unique" "expand" "FUN" "lapply" "do.call" "reshape1" "cast" 
"names<-" "as.data.frame.numeric" "as.data.frame" "data.frame" "condense" "as.list" "lapply" "sapply" "unique" "expand" "FUN" "lapply" "do.call" "reshape1" "cast" 
"inherits" "is.factor" "unique.default" "unique" "sapply" "rbind" "rbind" "do.call" "rbind.fill" "reshape1" "cast" 
"inherits" "is.factor" "match" "%in%" "deparse" "paste" "as.data.frame.integer" "as.data.frame" "data.frame" "cbind.data.frame" "do.call" "expand.grid" "expand.grid.df" "data.frame" "reshape1" "cast" 
"factor" "rbind" "rbind" "do.call" "merge.data.frame" "merge" "merge_recurse" "reshape1" "cast" 
"rbind" "rbind" "merge.data.frame" "merge" "merge_recurse" "reshape1" "cast" 
"any" "[.data.frame" "[" "format" "as.matrix" "print.cast_df" "print" 
"any" "data.frame" "do.call" "format.data.frame" "format" "as.matrix" "print.cast_df" "print" 
